2020-11-17 02:51:46 | INFO    | loaded commands.locate
2020-11-17 02:51:46 | INFO    | loaded commands.base64
2020-11-17 02:51:46 | INFO    | loaded commands.lisp
2020-11-17 02:51:46 | INFO    | loaded commands.rand
2020-11-17 02:51:46 | INFO    | loaded commands.countdown
2020-11-17 02:51:46 | INFO    | loaded commands.addsticker
2020-11-17 02:51:46 | INFO    | loaded commands.shell
2020-11-17 02:51:46 | INFO    | loaded commands.start
2020-11-17 02:51:46 | INFO    | loaded commands.resize
2020-11-17 02:51:46 | INFO    | loaded commands.forward
2020-11-17 02:51:46 | INFO    | loaded commands.stafficon
2020-11-17 02:51:46 | INFO    | loaded commands.flight
2020-11-17 02:51:46 | INFO    | loaded commands.exec
2020-11-17 02:51:46 | INFO    | loaded commands.savegif
2020-11-17 02:51:46 | INFO    | loaded commands.bmi
2020-11-17 02:51:46 | INFO    | loaded commands.randsticker
2020-11-17 02:51:46 | INFO    | loaded commands.delete
2020-11-17 02:51:46 | INFO    | loaded commands.magnet
2020-11-17 02:51:46 | INFO    | loaded commands.cmdlist
2020-11-17 02:51:46 | INFO    | loaded commands.debase64
2020-11-17 02:51:46 | INFO    | loaded commands.reload
2020-11-17 02:51:46 | INFO    | loaded commands.cipher
2020-11-17 02:51:46 | INFO    | loaded commands.roman
2020-11-17 02:51:46 | INFO    | loaded commands.schedule
2020-11-17 02:51:46 | INFO    | loaded commands.help
2020-11-17 02:51:46 | INFO    | loaded commands.generate
2020-11-17 02:51:46 | INFO    | loaded commands.unpack
2020-11-17 02:51:46 | INFO    | link start.
2020-11-17 02:51:46 | INFO    | fetching latest API ...
2020-11-17 02:51:48 | DEBUG   | getMe
2020-11-17 02:51:48 | DEBUG   | logOut
2020-11-17 02:51:48 | DEBUG   | close
2020-11-17 02:51:48 | DEBUG   | sendMessage
2020-11-17 02:51:48 | DEBUG   | forwardMessage
2020-11-17 02:51:48 | DEBUG   | copyMessage
2020-11-17 02:51:48 | DEBUG   | sendPhoto
2020-11-17 02:51:48 | DEBUG   | sendAudio
2020-11-17 02:51:48 | DEBUG   | sendDocument
2020-11-17 02:51:48 | DEBUG   | sendVideo
2020-11-17 02:51:48 | DEBUG   | sendAnimation
2020-11-17 02:51:48 | DEBUG   | sendVoice
2020-11-17 02:51:48 | DEBUG   | sendVideoNote
2020-11-17 02:51:48 | DEBUG   | sendMediaGroup
2020-11-17 02:51:48 | DEBUG   | sendLocation
2020-11-17 02:51:48 | DEBUG   | editMessageLiveLocation
2020-11-17 02:51:48 | DEBUG   | stopMessageLiveLocation
2020-11-17 02:51:48 | DEBUG   | sendVenue
2020-11-17 02:51:48 | DEBUG   | sendContact
2020-11-17 02:51:48 | DEBUG   | sendPoll
2020-11-17 02:51:48 | DEBUG   | sendDice
2020-11-17 02:51:48 | DEBUG   | sendChatAction
2020-11-17 02:51:48 | DEBUG   | getUserProfilePhotos
2020-11-17 02:51:48 | DEBUG   | getFile
2020-11-17 02:51:48 | DEBUG   | kickChatMember
2020-11-17 02:51:48 | DEBUG   | unbanChatMember
2020-11-17 02:51:48 | DEBUG   | restrictChatMember
2020-11-17 02:51:48 | DEBUG   | promoteChatMember
2020-11-17 02:51:48 | DEBUG   | setChatAdministratorCustomTitle
2020-11-17 02:51:48 | DEBUG   | setChatPermissions
2020-11-17 02:51:48 | DEBUG   | exportChatInviteLink
2020-11-17 02:51:48 | DEBUG   | setChatPhoto
2020-11-17 02:51:48 | DEBUG   | deleteChatPhoto
2020-11-17 02:51:48 | DEBUG   | setChatTitle
2020-11-17 02:51:48 | DEBUG   | setChatDescription
2020-11-17 02:51:48 | DEBUG   | pinChatMessage
2020-11-17 02:51:48 | DEBUG   | unpinChatMessage
2020-11-17 02:51:48 | DEBUG   | unpinAllChatMessages
2020-11-17 02:51:48 | DEBUG   | leaveChat
2020-11-17 02:51:48 | DEBUG   | getChat
2020-11-17 02:51:48 | DEBUG   | getChatAdministrators
2020-11-17 02:51:48 | DEBUG   | getChatMembersCount
2020-11-17 02:51:48 | DEBUG   | getChatMember
2020-11-17 02:51:48 | DEBUG   | setChatStickerSet
2020-11-17 02:51:48 | DEBUG   | deleteChatStickerSet
2020-11-17 02:51:48 | DEBUG   | answerCallbackQuery
2020-11-17 02:51:48 | DEBUG   | setMyCommands
2020-11-17 02:51:48 | DEBUG   | getMyCommands
2020-11-17 02:51:48 | DEBUG   | editMessageText
2020-11-17 02:51:48 | DEBUG   | editMessageCaption
2020-11-17 02:51:48 | DEBUG   | editMessageMedia
2020-11-17 02:51:48 | DEBUG   | editMessageReplyMarkup
2020-11-17 02:51:48 | DEBUG   | stopPoll
2020-11-17 02:51:48 | DEBUG   | deleteMessage
2020-11-17 02:51:48 | DEBUG   | sendSticker
2020-11-17 02:51:48 | DEBUG   | getStickerSet
2020-11-17 02:51:48 | DEBUG   | uploadStickerFile
2020-11-17 02:51:48 | DEBUG   | createNewStickerSet
2020-11-17 02:51:48 | DEBUG   | addStickerToSet
2020-11-17 02:51:48 | DEBUG   | setStickerPositionInSet
2020-11-17 02:51:48 | DEBUG   | deleteStickerFromSet
2020-11-17 02:51:48 | DEBUG   | setStickerSetThumb
2020-11-17 02:51:48 | DEBUG   | answerInlineQuery
2020-11-17 02:51:48 | DEBUG   | sendInvoice
2020-11-17 02:51:48 | DEBUG   | answerShippingQuery
2020-11-17 02:51:48 | DEBUG   | answerPreCheckoutQuery
2020-11-17 02:51:48 | DEBUG   | setPassportDataErrors
2020-11-17 02:51:48 | DEBUG   | sendGame
2020-11-17 02:51:48 | DEBUG   | setGameScore
2020-11-17 02:51:48 | DEBUG   | getGameHighScores
2020-11-17 02:51:48 | DEBUG   | call getMe with { }
2020-11-17 02:51:49 | DEBUG   | response { ["ok"] = true, ["result"] = { ["first_name"] = "Project Small R", ["can_read_all_group_messages"] = false, ["supports_inline_queries"] = false, ["is_bot"] = true, ["can_join_groups"] = true, ["username"] = "Project_Small_Robot", ["id"] = 453335102.0, }, }
2020-11-17 02:51:49 | INFO    | bot online. I am Project Small R.
2020-11-17 02:51:50 | DEBUG   | response { ["ok"] = true, ["result"] = { [1] = { ["update_id"] = 596196713.0, ["message"] = { ["entities"] = { [1] = { ["offset"] = 0.0, ["type"] = "bot_command", ["length"] = 10.0, }, }, ["date"] = 1605552709.0, ["text"] = "/countdown", ["message_id"] = 370.0, ["from"] = { ["first_name"] = "Joshua", ["language_code"] = "en", ["is_bot"] = false, ["username"] = "SJoshua", ["last_name"] = "Astray", ["id"] = 213124418.0, }, ["chat"] = { ["first_name"] = "Joshua", ["username"] = "SJoshua", ["type"] = "private", ["last_name"] = "Astray", ["id"] = 213124418.0, }, }, }, }, }
2020-11-17 02:51:50 | DEBUG   | call deleteMessage with { [1] = 213124418, [2] = 368, }
2020-11-17 02:51:51 | DEBUG   | response { ["ok"] = true, ["result"] = true, }
2020-11-17 02:51:51 | DEBUG   | call deleteMessage with { [1] = 213124418, [2] = 369, }
2020-11-17 02:51:52 | DEBUG   | response { ["ok"] = true, ["result"] = true, }
2020-11-17 02:51:52 | DEBUG   | call sendMessage with { [1] = 213124418, [2] = "`[Flight to PEK]` *36 hours 8 minutes 10 seconds* left.", [3] = "Markdown", }
2020-11-17 02:51:53 | DEBUG   | response { ["ok"] = true, ["result"] = { ["entities"] = { [1] = { ["offset"] = 0.0, ["type"] = "code", ["length"] = 15.0, }, [2] = { ["offset"] = 16.0, ["type"] = "bold", ["length"] = 29.0, }, }, ["date"] = 1605552712.0, ["text"] = "[Flight to PEK] 36 hours 8 minutes 10 seconds left.", ["message_id"] = 371.0, ["from"] = { ["is_bot"] = true, ["username"] = "Project_Small_Robot", ["first_name"] = "Project Small R", ["id"] = 453335102.0, }, ["chat"] = { ["first_name"] = "Joshua", ["username"] = "SJoshua", ["type"] = "private", ["last_name"] = "Astray", ["id"] = 213124418.0, }, }, }
2020-11-17 02:51:53 | DEBUG   | response { ["ok"] = true, ["result"] = { }, }
2020-11-17 02:51:54 | DEBUG   | response { ["ok"] = true, ["result"] = { [1] = { ["update_id"] = 596196714.0, ["message"] = { ["entities"] = { [1] = { ["offset"] = 0.0, ["type"] = "bot_command", ["length"] = 10.0, }, }, ["date"] = 1605552713.0, ["text"] = "/countdown", ["message_id"] = 372.0, ["from"] = { ["first_name"] = "Joshua", ["language_code"] = "en", ["is_bot"] = false, ["username"] = "SJoshua", ["last_name"] = "Astray", ["id"] = 213124418.0, }, ["chat"] = { ["first_name"] = "Joshua", ["username"] = "SJoshua", ["type"] = "private", ["last_name"] = "Astray", ["id"] = 213124418.0, }, }, }, }, }
2020-11-17 02:51:54 | DEBUG   | call deleteMessage with { [1] = 213124418, [2] = 370.0, }
2020-11-17 02:51:55 | DEBUG   | response { ["ok"] = true, ["result"] = true, }
2020-11-17 02:51:55 | DEBUG   | call deleteMessage with { [1] = 213124418, [2] = 371.0, }
2020-11-17 02:51:56 | DEBUG   | response { ["ok"] = true, ["result"] = true, }
2020-11-17 02:51:56 | DEBUG   | call sendMessage with { [1] = 213124418, [2] = "`[Flight to PEK]` *36 hours 8 minutes 6 seconds* left.", [3] = "Markdown", }
2020-11-17 02:51:57 | DEBUG   | response { ["ok"] = true, ["result"] = { ["entities"] = { [1] = { ["offset"] = 0.0, ["type"] = "code", ["length"] = 15.0, }, [2] = { ["offset"] = 16.0, ["type"] = "bold", ["length"] = 28.0, }, }, ["date"] = 1605552716.0, ["text"] = "[Flight to PEK] 36 hours 8 minutes 6 seconds left.", ["message_id"] = 373.0, ["from"] = { ["is_bot"] = true, ["username"] = "Project_Small_Robot", ["first_name"] = "Project Small R", ["id"] = 453335102.0, }, ["chat"] = { ["first_name"] = "Joshua", ["username"] = "SJoshua", ["type"] = "private", ["last_name"] = "Astray", ["id"] = 213124418.0, }, }, }
2020-11-17 02:51:57 | DEBUG   | response { ["ok"] = true, ["result"] = { }, }
2020-11-17 02:52:00 | DEBUG   | response { ["ok"] = true, ["result"] = { [1] = { ["update_id"] = 596196715.0, ["message"] = { ["entities"] = { [1] = { ["offset"] = 0.0, ["type"] = "bot_command", ["length"] = 10.0, }, }, ["date"] = 1605552720.0, ["text"] = "/countdown", ["message_id"] = 374.0, ["from"] = { ["first_name"] = "Joshua", ["language_code"] = "en", ["is_bot"] = false, ["username"] = "SJoshua", ["last_name"] = "Astray", ["id"] = 213124418.0, }, ["chat"] = { ["first_name"] = "Joshua", ["username"] = "SJoshua", ["type"] = "private", ["last_name"] = "Astray", ["id"] = 213124418.0, }, }, }, }, }
2020-11-17 02:52:00 | DEBUG   | call deleteMessage with { [1] = 213124418, [2] = 372.0, }
2020-11-17 02:52:01 | DEBUG   | response { ["ok"] = true, ["result"] = true, }
2020-11-17 02:52:01 | DEBUG   | call deleteMessage with { [1] = 213124418, [2] = 373.0, }
2020-11-17 02:52:01 | DEBUG   | response { ["ok"] = true, ["result"] = true, }
2020-11-17 02:52:01 | DEBUG   | call sendMessage with { [1] = 213124418, [2] = "`[Flight to PEK]` *36 hours 8 minutes 0 second* left.", [3] = "Markdown", }
2020-11-17 02:52:02 | DEBUG   | response { ["ok"] = true, ["result"] = { ["entities"] = { [1] = { ["offset"] = 0.0, ["type"] = "code", ["length"] = 15.0, }, [2] = { ["offset"] = 16.0, ["type"] = "bold", ["length"] = 27.0, }, }, ["date"] = 1605552722.0, ["text"] = "[Flight to PEK] 36 hours 8 minutes 0 second left.", ["message_id"] = 375.0, ["from"] = { ["is_bot"] = true, ["username"] = "Project_Small_Robot", ["first_name"] = "Project Small R", ["id"] = 453335102.0, }, ["chat"] = { ["first_name"] = "Joshua", ["username"] = "SJoshua", ["type"] = "private", ["last_name"] = "Astray", ["id"] = 213124418.0, }, }, }
2020-11-17 02:52:03 | DEBUG   | response { ["ok"] = true, ["result"] = { }, }
2020-11-17 02:52:07 | DEBUG   | response { ["ok"] = true, ["result"] = { }, }
2020-11-17 02:52:08 | DEBUG   | response { ["ok"] = true, ["result"] = { [1] = { ["update_id"] = 596196716.0, ["message"] = { ["entities"] = { [1] = { ["offset"] = 0.0, ["type"] = "bot_command", ["length"] = 10.0, }, }, ["date"] = 1605552727.0, ["text"] = "/countdown", ["message_id"] = 376.0, ["from"] = { ["first_name"] = "Joshua", ["language_code"] = "en", ["is_bot"] = false, ["username"] = "SJoshua", ["last_name"] = "Astray", ["id"] = 213124418.0, }, ["chat"] = { ["first_name"] = "Joshua", ["username"] = "SJoshua", ["type"] = "private", ["last_name"] = "Astray", ["id"] = 213124418.0, }, }, }, }, }
2020-11-17 02:52:08 | DEBUG   | call deleteMessage with { [1] = 213124418, [2] = 374.0, }
2020-11-17 02:52:08 | DEBUG   | response { ["ok"] = true, ["result"] = true, }
2020-11-17 02:52:08 | DEBUG   | call deleteMessage with { [1] = 213124418, [2] = 375.0, }
2020-11-17 02:52:09 | DEBUG   | response { ["ok"] = true, ["result"] = true, }
2020-11-17 02:52:09 | DEBUG   | call sendMessage with { [1] = 213124418, [2] = "`[Flight to PEK]` *36 hours 7 minutes 52 seconds* left.", [3] = "Markdown", }
2020-11-17 02:52:10 | DEBUG   | response { ["ok"] = true, ["result"] = { ["entities"] = { [1] = { ["offset"] = 0.0, ["type"] = "code", ["length"] = 15.0, }, [2] = { ["offset"] = 16.0, ["type"] = "bold", ["length"] = 29.0, }, }, ["date"] = 1605552730.0, ["text"] = "[Flight to PEK] 36 hours 7 minutes 52 seconds left.", ["message_id"] = 377.0, ["from"] = { ["is_bot"] = true, ["username"] = "Project_Small_Robot", ["first_name"] = "Project Small R", ["id"] = 453335102.0, }, ["chat"] = { ["first_name"] = "Joshua", ["username"] = "SJoshua", ["type"] = "private", ["last_name"] = "Astray", ["id"] = 213124418.0, }, }, }
2020-11-17 02:52:11 | DEBUG   | response { ["ok"] = true, ["result"] = { }, }
2020-11-17 02:52:15 | DEBUG   | response { ["ok"] = true, ["result"] = { }, }
2020-11-17 02:52:15 | DEBUG   | response { ["ok"] = true, ["result"] = { }, }
2020-11-17 02:52:19 | DEBUG   | response { ["ok"] = true, ["result"] = { }, }
2020-11-17 02:52:20 | DEBUG   | response { ["ok"] = true, ["result"] = { }, }
2020-11-17 02:52:23 | DEBUG   | response { ["ok"] = true, ["result"] = { }, }
2020-11-17 02:52:24 | DEBUG   | response { ["ok"] = true, ["result"] = { }, }
2020-11-17 02:52:28 | DEBUG   | response { ["ok"] = true, ["result"] = { }, }
2020-11-17 02:52:29 | DEBUG   | response { ["ok"] = true, ["result"] = { }, }
2020-11-17 02:52:32 | DEBUG   | response { ["ok"] = true, ["result"] = { }, }
2020-11-17 02:52:33 | DEBUG   | response { ["ok"] = true, ["result"] = { }, }
2020-11-17 02:52:37 | DEBUG   | response { ["ok"] = true, ["result"] = { }, }
2020-11-17 02:52:38 | DEBUG   | response { ["ok"] = true, ["result"] = { }, }
2020-11-17 02:52:41 | DEBUG   | response { ["ok"] = true, ["result"] = { }, }
2020-11-17 02:52:42 | DEBUG   | response { ["ok"] = true, ["result"] = { }, }
2020-11-17 02:52:46 | DEBUG   | response { ["ok"] = true, ["result"] = { }, }
2020-11-17 02:52:46 | DEBUG   | response { ["ok"] = true, ["result"] = { }, }
2020-11-17 02:52:50 | DEBUG   | response { ["ok"] = true, ["result"] = { }, }
2020-11-17 02:52:51 | DEBUG   | response { ["ok"] = true, ["result"] = { }, }
2020-11-17 02:52:55 | DEBUG   | response { ["ok"] = true, ["result"] = { }, }
2020-11-17 02:52:55 | DEBUG   | response { ["ok"] = true, ["result"] = { }, }
2020-11-17 02:52:59 | DEBUG   | response { ["ok"] = true, ["result"] = { }, }
2020-11-17 02:53:00 | DEBUG   | response { ["ok"] = true, ["result"] = { }, }
2020-11-17 02:53:03 | DEBUG   | response { ["ok"] = true, ["result"] = { }, }
2020-11-17 02:53:04 | DEBUG   | response { ["ok"] = true, ["result"] = { }, }
2020-11-17 02:53:08 | DEBUG   | response { ["ok"] = true, ["result"] = { }, }
2020-11-17 02:53:09 | DEBUG   | response { ["ok"] = true, ["result"] = { }, }
2020-11-17 02:53:12 | DEBUG   | response { ["ok"] = true, ["result"] = { }, }
2020-11-17 02:53:13 | DEBUG   | response { ["ok"] = true, ["result"] = { }, }
2020-11-17 02:53:17 | DEBUG   | response { ["ok"] = true, ["result"] = { }, }
2020-11-17 02:53:17 | DEBUG   | response { ["ok"] = true, ["result"] = { }, }
2020-11-17 02:53:21 | DEBUG   | response { ["ok"] = true, ["result"] = { }, }
2020-11-17 02:53:22 | DEBUG   | response { ["ok"] = true, ["result"] = { }, }
2020-11-17 02:53:25 | DEBUG   | response { ["ok"] = true, ["result"] = { }, }
2020-11-17 02:53:26 | DEBUG   | response { ["ok"] = true, ["result"] = { }, }
2020-11-17 02:53:30 | DEBUG   | response { ["ok"] = true, ["result"] = { }, }
2020-11-17 02:53:31 | DEBUG   | response { ["ok"] = true, ["result"] = { }, }
2020-11-17 02:53:34 | DEBUG   | response { ["ok"] = true, ["result"] = { }, }
2020-11-17 02:53:35 | DEBUG   | response { ["ok"] = true, ["result"] = { }, }
2020-11-17 02:53:39 | DEBUG   | response { ["ok"] = true, ["result"] = { }, }
2020-11-17 02:53:39 | DEBUG   | response { ["ok"] = true, ["result"] = { }, }
2020-11-17 02:53:43 | DEBUG   | response { ["ok"] = true, ["result"] = { }, }
2020-11-17 02:53:44 | DEBUG   | response { ["ok"] = true, ["result"] = { }, }
2020-11-17 02:53:48 | DEBUG   | response { ["ok"] = true, ["result"] = { }, }
2020-11-17 02:53:48 | DEBUG   | response { ["ok"] = true, ["result"] = { }, }
2020-11-17 02:53:52 | DEBUG   | response { ["ok"] = true, ["result"] = { }, }
2020-11-17 02:53:53 | DEBUG   | response { ["ok"] = true, ["result"] = { }, }
2020-11-17 02:53:56 | DEBUG   | response { ["ok"] = true, ["result"] = { }, }
2020-11-17 02:53:57 | DEBUG   | response { ["ok"] = true, ["result"] = { }, }
2020-11-17 02:54:01 | DEBUG   | response { ["ok"] = true, ["result"] = { }, }
2020-11-17 02:54:02 | DEBUG   | response { ["ok"] = true, ["result"] = { }, }
2020-11-17 02:54:05 | DEBUG   | response { ["ok"] = true, ["result"] = { }, }
2020-11-17 02:54:06 | DEBUG   | response { ["ok"] = true, ["result"] = { }, }
2020-11-17 02:54:10 | DEBUG   | response { ["ok"] = true, ["result"] = { }, }
2020-11-17 02:54:10 | DEBUG   | response { ["ok"] = true, ["result"] = { }, }
2020-11-17 02:54:14 | DEBUG   | response { ["ok"] = true, ["result"] = { }, }
2020-11-17 02:54:15 | DEBUG   | response { ["ok"] = true, ["result"] = { }, }
2020-11-17 02:54:19 | DEBUG   | response { ["ok"] = true, ["result"] = { }, }
2020-11-17 02:54:19 | DEBUG   | response { ["ok"] = true, ["result"] = { }, }
2020-11-17 02:54:23 | DEBUG   | response { ["ok"] = true, ["result"] = { }, }
2020-11-17 02:54:24 | DEBUG   | response { ["ok"] = true, ["result"] = { }, }
2020-11-17 02:54:27 | DEBUG   | response { ["ok"] = true, ["result"] = { }, }
2020-11-17 02:54:28 | DEBUG   | response { ["ok"] = true, ["result"] = { }, }
2020-11-17 02:54:32 | DEBUG   | response { ["ok"] = true, ["result"] = { }, }
2020-11-17 02:54:33 | DEBUG   | response { ["ok"] = true, ["result"] = { }, }
2020-11-17 02:54:36 | DEBUG   | response { ["ok"] = true, ["result"] = { }, }
2020-11-17 02:54:37 | DEBUG   | response { ["ok"] = true, ["result"] = { }, }
2020-11-17 02:54:41 | DEBUG   | response { ["ok"] = true, ["result"] = { }, }
2020-11-17 02:54:41 | DEBUG   | response { ["ok"] = true, ["result"] = { }, }
2020-11-17 02:54:45 | DEBUG   | response { ["ok"] = true, ["result"] = { }, }
2020-11-17 02:54:46 | DEBUG   | response { ["ok"] = true, ["result"] = { }, }
2020-11-17 02:54:50 | DEBUG   | response { ["ok"] = true, ["result"] = { }, }
2020-11-17 02:54:50 | DEBUG   | response { ["ok"] = true, ["result"] = { }, }
2020-11-17 02:54:54 | DEBUG   | response { ["ok"] = true, ["result"] = { }, }
2020-11-17 02:54:55 | DEBUG   | response { ["ok"] = true, ["result"] = { }, }
2020-11-17 02:54:58 | DEBUG   | response { ["ok"] = true, ["result"] = { }, }
2020-11-17 02:54:59 | DEBUG   | response { ["ok"] = true, ["result"] = { }, }
2020-11-17 02:55:03 | DEBUG   | response { ["ok"] = true, ["result"] = { }, }
2020-11-17 02:55:03 | DEBUG   | response { ["ok"] = true, ["result"] = { }, }
2020-11-17 02:55:07 | DEBUG   | response { ["ok"] = true, ["result"] = { }, }
2020-11-17 02:55:08 | DEBUG   | response { ["ok"] = true, ["result"] = { }, }
2020-11-17 02:55:12 | DEBUG   | response { ["ok"] = true, ["result"] = { }, }
2020-11-17 02:55:12 | DEBUG   | response { ["ok"] = true, ["result"] = { }, }
2020-11-17 02:55:16 | DEBUG   | response { ["ok"] = true, ["result"] = { }, }
2020-11-17 02:55:17 | DEBUG   | response { ["ok"] = true, ["result"] = { }, }
2020-11-17 02:55:20 | DEBUG   | response { ["ok"] = true, ["result"] = { }, }
2020-11-17 02:55:21 | DEBUG   | response { ["ok"] = true, ["result"] = { }, }
2020-11-17 02:55:25 | DEBUG   | response { ["ok"] = true, ["result"] = { }, }
2020-11-17 02:55:26 | DEBUG   | response { ["ok"] = true, ["result"] = { }, }
2020-11-17 02:55:29 | DEBUG   | response { ["ok"] = true, ["result"] = { }, }
2020-11-17 02:55:30 | DEBUG   | response { ["ok"] = true, ["result"] = { }, }
2020-11-17 02:55:34 | DEBUG   | response { ["ok"] = true, ["result"] = { }, }
2020-11-17 02:55:34 | DEBUG   | response { ["ok"] = true, ["result"] = { }, }
2020-11-17 02:55:38 | DEBUG   | response { ["ok"] = true, ["result"] = { }, }
2020-11-17 02:55:39 | DEBUG   | response { ["ok"] = true, ["result"] = { }, }
2020-11-17 02:55:43 | DEBUG   | response { ["ok"] = true, ["result"] = { }, }
2020-11-17 02:55:43 | DEBUG   | response { ["ok"] = true, ["result"] = { }, }
2020-11-17 02:55:47 | DEBUG   | response { ["ok"] = true, ["result"] = { }, }
2020-11-17 02:55:48 | DEBUG   | response { ["ok"] = true, ["result"] = { }, }
2020-11-17 02:55:51 | DEBUG   | response { ["ok"] = true, ["result"] = { }, }
2020-11-17 02:55:52 | DEBUG   | response { ["ok"] = true, ["result"] = { }, }
2020-11-17 02:55:56 | DEBUG   | response { ["ok"] = true, ["result"] = { }, }
2020-11-17 02:55:57 | DEBUG   | response { ["ok"] = true, ["result"] = { }, }
2020-11-17 02:56:00 | DEBUG   | response { ["ok"] = true, ["result"] = { }, }
2020-11-17 02:56:01 | DEBUG   | response { ["ok"] = true, ["result"] = { }, }
2020-11-17 02:56:05 | DEBUG   | response { ["ok"] = true, ["result"] = { }, }
2020-11-17 02:56:05 | DEBUG   | response { ["ok"] = true, ["result"] = { }, }
2020-11-17 02:56:09 | DEBUG   | response { ["ok"] = true, ["result"] = { }, }
2020-11-17 02:56:10 | DEBUG   | response { ["ok"] = true, ["result"] = { }, }
2020-11-17 02:56:14 | DEBUG   | response { ["ok"] = true, ["result"] = { }, }
2020-11-17 02:56:14 | DEBUG   | response { ["ok"] = true, ["result"] = { }, }
2020-11-17 02:56:18 | DEBUG   | response { ["ok"] = true, ["result"] = { }, }
2020-11-17 02:56:19 | DEBUG   | response { ["ok"] = true, ["result"] = { }, }
2020-11-17 02:56:22 | DEBUG   | response { ["ok"] = true, ["result"] = { }, }
2020-11-17 02:56:23 | DEBUG   | response { ["ok"] = true, ["result"] = { }, }
2020-11-17 02:56:27 | DEBUG   | response { ["ok"] = true, ["result"] = { }, }
2020-11-17 02:56:28 | DEBUG   | response { ["ok"] = true, ["result"] = { }, }
2020-11-17 02:56:31 | DEBUG   | response { ["ok"] = true, ["result"] = { }, }
2020-11-17 02:56:32 | DEBUG   | response { ["ok"] = true, ["result"] = { }, }
2020-11-17 02:56:36 | DEBUG   | response { ["ok"] = true, ["result"] = { }, }
2020-11-17 02:56:36 | DEBUG   | response { ["ok"] = true, ["result"] = { }, }
2020-11-17 02:56:40 | DEBUG   | response { ["ok"] = true, ["result"] = { }, }
2020-11-17 02:56:41 | DEBUG   | response { ["ok"] = true, ["result"] = { }, }
2020-11-17 02:56:45 | DEBUG   | response { ["ok"] = true, ["result"] = { }, }
2020-11-17 02:56:45 | DEBUG   | response { ["ok"] = true, ["result"] = { }, }
2020-11-17 02:56:49 | DEBUG   | response { ["ok"] = true, ["result"] = { }, }
2020-11-17 02:56:50 | DEBUG   | response { ["ok"] = true, ["result"] = { }, }
2020-11-17 02:56:53 | DEBUG   | response { ["ok"] = true, ["result"] = { }, }
2020-11-17 02:56:54 | DEBUG   | response { ["ok"] = true, ["result"] = { }, }
2020-11-17 02:56:58 | DEBUG   | response { ["ok"] = true, ["result"] = { }, }
2020-11-17 02:56:59 | DEBUG   | response { ["ok"] = true, ["result"] = { }, }
2020-11-17 02:57:02 | DEBUG   | response { ["ok"] = true, ["result"] = { }, }
2020-11-17 02:57:03 | DEBUG   | response { ["ok"] = true, ["result"] = { }, }
2020-11-17 02:57:07 | DEBUG   | response { ["ok"] = true, ["result"] = { }, }
2020-11-17 02:57:07 | DEBUG   | response { ["ok"] = true, ["result"] = { }, }
2020-11-17 02:57:11 | DEBUG   | response { ["ok"] = true, ["result"] = { }, }
2020-11-17 02:57:12 | DEBUG   | response { ["ok"] = true, ["result"] = { }, }
2020-11-17 02:57:16 | DEBUG   | response { ["ok"] = true, ["result"] = { }, }
2020-11-17 02:57:16 | DEBUG   | response { ["ok"] = true, ["result"] = { }, }
2020-11-17 02:57:20 | DEBUG   | response { ["ok"] = true, ["result"] = { }, }
2020-11-17 02:57:21 | DEBUG   | response { ["ok"] = true, ["result"] = { }, }
2020-11-17 02:57:24 | DEBUG   | response { ["ok"] = true, ["result"] = { }, }
2020-11-17 02:57:25 | DEBUG   | response { ["ok"] = true, ["result"] = { }, }
2020-11-17 02:57:29 | DEBUG   | response { ["ok"] = true, ["result"] = { }, }
2020-11-17 02:57:30 | DEBUG   | response { ["ok"] = true, ["result"] = { }, }
2020-11-17 02:57:33 | DEBUG   | response { ["ok"] = true, ["result"] = { }, }
2020-11-17 02:57:34 | DEBUG   | response { ["ok"] = true, ["result"] = { }, }
2020-11-17 02:57:38 | DEBUG   | response { ["ok"] = true, ["result"] = { }, }
2020-11-17 02:57:38 | DEBUG   | response { ["ok"] = true, ["result"] = { }, }
2020-11-17 02:57:42 | DEBUG   | response { ["ok"] = true, ["result"] = { }, }
2020-11-17 02:57:43 | DEBUG   | response { ["ok"] = true, ["result"] = { }, }
2020-11-17 02:57:47 | DEBUG   | response { ["ok"] = true, ["result"] = { }, }
2020-11-17 02:57:47 | DEBUG   | response { ["ok"] = true, ["result"] = { }, }
2020-11-17 02:57:51 | DEBUG   | response { ["ok"] = true, ["result"] = { }, }
2020-11-17 02:57:52 | DEBUG   | response { ["ok"] = true, ["result"] = { }, }
2020-11-17 02:57:55 | DEBUG   | response { ["ok"] = true, ["result"] = { }, }
2020-11-17 02:57:56 | DEBUG   | response { ["ok"] = true, ["result"] = { }, }
2020-11-17 02:58:00 | DEBUG   | response { ["ok"] = true, ["result"] = { }, }
2020-11-17 02:58:01 | DEBUG   | response { ["ok"] = true, ["result"] = { }, }
2020-11-17 02:58:04 | DEBUG   | response { ["ok"] = true, ["result"] = { }, }
2020-11-17 02:58:05 | DEBUG   | response { ["ok"] = true, ["result"] = { }, }
2020-11-17 02:58:09 | DEBUG   | response { ["ok"] = true, ["result"] = { }, }
2020-11-17 02:58:09 | DEBUG   | response { ["ok"] = true, ["result"] = { }, }
2020-11-17 02:58:13 | DEBUG   | response { ["ok"] = true, ["result"] = { }, }
2020-11-17 02:58:14 | DEBUG   | response { ["ok"] = true, ["result"] = { }, }
2020-11-17 02:58:17 | DEBUG   | response { ["ok"] = true, ["result"] = { }, }
2020-11-17 02:58:18 | DEBUG   | response { ["ok"] = true, ["result"] = { }, }
2020-11-17 02:58:22 | DEBUG   | response { ["ok"] = true, ["result"] = { }, }
2020-11-17 02:58:23 | DEBUG   | response { ["ok"] = true, ["result"] = { }, }
2020-11-17 02:58:26 | DEBUG   | response { ["ok"] = true, ["result"] = { }, }
2020-11-17 02:58:27 | DEBUG   | response { ["ok"] = true, ["result"] = { }, }
2020-11-17 02:58:31 | DEBUG   | response { ["ok"] = true, ["result"] = { }, }
2020-11-17 02:58:31 | DEBUG   | response { ["ok"] = true, ["result"] = { }, }
2020-11-17 02:58:35 | DEBUG   | response { ["ok"] = true, ["result"] = { }, }
2020-11-17 02:58:36 | DEBUG   | response { ["ok"] = true, ["result"] = { }, }
2020-11-17 02:58:40 | DEBUG   | response { ["ok"] = true, ["result"] = { }, }
2020-11-17 02:58:40 | DEBUG   | response { ["ok"] = true, ["result"] = { }, }
2020-11-17 02:58:44 | DEBUG   | response { ["ok"] = true, ["result"] = { }, }
2020-11-17 02:58:45 | DEBUG   | response { ["ok"] = true, ["result"] = { }, }
2020-11-17 02:58:48 | DEBUG   | response { ["ok"] = true, ["result"] = { }, }
2020-11-17 02:58:49 | DEBUG   | response { ["ok"] = true, ["result"] = { }, }
2020-11-17 02:58:53 | DEBUG   | response { ["ok"] = true, ["result"] = { }, }
2020-11-17 02:58:54 | DEBUG   | response { ["ok"] = true, ["result"] = { }, }
2020-11-17 02:58:57 | DEBUG   | response { ["ok"] = true, ["result"] = { }, }
2020-11-17 02:58:58 | DEBUG   | response { ["ok"] = true, ["result"] = { }, }
2020-11-17 02:59:02 | DEBUG   | response { ["ok"] = true, ["result"] = { }, }
2020-11-17 02:59:02 | DEBUG   | response { ["ok"] = true, ["result"] = { }, }
2020-11-17 02:59:06 | DEBUG   | response { ["ok"] = true, ["result"] = { }, }
2020-11-17 02:59:07 | DEBUG   | response { ["ok"] = true, ["result"] = { }, }
2020-11-17 02:59:11 | DEBUG   | response { ["ok"] = true, ["result"] = { }, }
2020-11-17 02:59:11 | DEBUG   | response { ["ok"] = true, ["result"] = { }, }
2020-11-17 02:59:15 | DEBUG   | response { ["ok"] = true, ["result"] = { }, }
2020-11-17 02:59:16 | DEBUG   | response { ["ok"] = true, ["result"] = { }, }
2020-11-17 02:59:19 | DEBUG   | response { ["ok"] = true, ["result"] = { }, }
2020-11-17 02:59:20 | DEBUG   | response { ["ok"] = true, ["result"] = { }, }
2020-11-17 02:59:24 | DEBUG   | response { ["ok"] = true, ["result"] = { }, }
2020-11-17 02:59:25 | DEBUG   | response { ["ok"] = true, ["result"] = { }, }
2020-11-17 02:59:28 | DEBUG   | response { ["ok"] = true, ["result"] = { }, }
2020-11-17 02:59:29 | DEBUG   | response { ["ok"] = true, ["result"] = { }, }
2020-11-17 02:59:33 | DEBUG   | response { ["ok"] = true, ["result"] = { }, }
2020-11-17 02:59:33 | DEBUG   | response { ["ok"] = true, ["result"] = { }, }
2020-11-17 02:59:37 | DEBUG   | response { ["ok"] = true, ["result"] = { }, }
2020-11-17 02:59:38 | DEBUG   | response { ["ok"] = true, ["result"] = { }, }
2020-11-17 02:59:42 | DEBUG   | response { ["ok"] = true, ["result"] = { }, }
2020-11-17 02:59:42 | DEBUG   | response { ["ok"] = true, ["result"] = { }, }
2020-11-17 02:59:46 | DEBUG   | response { ["ok"] = true, ["result"] = { }, }
2020-11-17 02:59:47 | DEBUG   | response { ["ok"] = true, ["result"] = { }, }
2020-11-17 02:59:50 | DEBUG   | response { ["ok"] = true, ["result"] = { }, }
2020-11-17 02:59:51 | DEBUG   | response { ["ok"] = true, ["result"] = { }, }
2020-11-17 02:59:55 | DEBUG   | response { ["ok"] = true, ["result"] = { }, }
2020-11-17 02:59:56 | DEBUG   | response { ["ok"] = true, ["result"] = { }, }
2020-11-17 02:59:59 | DEBUG   | response { ["ok"] = true, ["result"] = { }, }
2020-11-17 03:00:00 | DEBUG   | response { ["ok"] = true, ["result"] = { }, }
2020-11-17 03:00:04 | DEBUG   | response { ["ok"] = true, ["result"] = { }, }
2020-11-17 03:00:04 | DEBUG   | response { ["ok"] = true, ["result"] = { }, }
2020-11-17 03:00:08 | DEBUG   | response { ["ok"] = true, ["result"] = { }, }
2020-11-17 03:00:09 | DEBUG   | response { ["ok"] = true, ["result"] = { }, }
2020-11-17 03:00:13 | DEBUG   | response { ["ok"] = true, ["result"] = { }, }
2020-11-17 03:00:13 | DEBUG   | response { ["ok"] = true, ["result"] = { }, }
2020-11-17 03:00:17 | DEBUG   | response { ["ok"] = true, ["result"] = { }, }
2020-11-17 03:00:18 | DEBUG   | response { ["ok"] = true, ["result"] = { }, }
2020-11-17 03:00:21 | DEBUG   | response { ["ok"] = true, ["result"] = { }, }
2020-11-17 03:00:22 | DEBUG   | response { ["ok"] = true, ["result"] = { }, }
2020-11-17 03:00:26 | DEBUG   | response { ["ok"] = true, ["result"] = { }, }
2020-11-17 03:00:26 | DEBUG   | response { ["ok"] = true, ["result"] = { }, }
2020-11-17 03:00:30 | DEBUG   | response { ["ok"] = true, ["result"] = { }, }
2020-11-17 03:00:31 | DEBUG   | response { ["ok"] = true, ["result"] = { }, }
2020-11-17 03:00:35 | DEBUG   | response { ["ok"] = true, ["result"] = { }, }
2020-11-17 03:00:35 | DEBUG   | response { ["ok"] = true, ["result"] = { }, }
2020-11-17 03:00:39 | DEBUG   | response { ["ok"] = true, ["result"] = { }, }
2020-11-17 03:00:40 | DEBUG   | response { ["ok"] = true, ["result"] = { }, }
2020-11-17 03:00:44 | DEBUG   | response { ["ok"] = true, ["result"] = { }, }
2020-11-17 03:00:44 | DEBUG   | response { ["ok"] = true, ["result"] = { }, }
2020-11-17 03:00:48 | DEBUG   | response { ["ok"] = true, ["result"] = { }, }
2020-11-17 03:00:49 | DEBUG   | response { ["ok"] = true, ["result"] = { }, }
2020-11-17 03:00:52 | DEBUG   | response { ["ok"] = true, ["result"] = { }, }
2020-11-17 03:00:53 | DEBUG   | response { ["ok"] = true, ["result"] = { }, }
2020-11-17 03:00:57 | DEBUG   | response { ["ok"] = true, ["result"] = { }, }
2020-11-17 03:00:58 | DEBUG   | response { ["ok"] = true, ["result"] = { }, }
2020-11-17 03:01:01 | DEBUG   | response { ["ok"] = true, ["result"] = { }, }
2020-11-17 03:01:02 | DEBUG   | response { ["ok"] = true, ["result"] = { }, }
2020-11-17 03:01:06 | DEBUG   | response { ["ok"] = true, ["result"] = { }, }
2020-11-17 03:01:06 | DEBUG   | response { ["ok"] = true, ["result"] = { }, }
2020-11-17 03:01:10 | DEBUG   | response { ["ok"] = true, ["result"] = { }, }
2020-11-17 03:01:11 | DEBUG   | response { ["ok"] = true, ["result"] = { }, }
2020-11-17 03:01:12 | DEBUG   | response { ["ok"] = true, ["result"] = { [1] = { ["update_id"] = 596196717.0, ["message"] = { ["entities"] = { [1] = { ["offset"] = 0.0, ["type"] = "bot_command", ["length"] = 5.0, }, }, ["date"] = 1605553272.0, ["text"] = "/exec return bot.sendMessage", ["message_id"] = 378.0, ["from"] = { ["first_name"] = "Joshua", ["language_code"] = "en", ["is_bot"] = false, ["username"] = "SJoshua", ["last_name"] = "Astray", ["id"] = 213124418.0, }, ["chat"] = { ["first_name"] = "Joshua", ["username"] = "SJoshua", ["type"] = "private", ["last_name"] = "Astray", ["id"] = 213124418.0, }, }, }, }, }
2020-11-17 03:01:12 | DEBUG   | call sendMessage with { [1] = 213124418, [2] = "[status] true\n[return 1] [method] sendMessage\n[description] Use this method to send text messages. On success, the sent Message is returned.\n[parameters] chat_id, text, parse_mode, entities, disable_web_page_preview, disable_notification, reply_to_message_id, allow_sending_without_reply, reply_markup\n[END]", }
2020-11-17 03:01:13 | DEBUG   | response { ["ok"] = true, ["result"] = { ["date"] = 1605553273.0, ["text"] = "[status] true\n[return 1] [method] sendMessage\n[description] Use this method to send text messages. On success, the sent Message is returned.\n[parameters] chat_id, text, parse_mode, entities, disable_web_page_preview, disable_notification, reply_to_message_id, allow_sending_without_reply, reply_markup\n[END]", ["message_id"] = 379.0, ["from"] = { ["is_bot"] = true, ["username"] = "Project_Small_Robot", ["first_name"] = "Project Small R", ["id"] = 453335102.0, }, ["chat"] = { ["first_name"] = "Joshua", ["username"] = "SJoshua", ["type"] = "private", ["last_name"] = "Astray", ["id"] = 213124418.0, }, }, }
2020-11-17 03:01:14 | DEBUG   | response { ["ok"] = true, ["result"] = { }, }
2020-11-17 03:01:18 | DEBUG   | response { ["ok"] = true, ["result"] = { }, }
2020-11-17 03:01:18 | DEBUG   | response { ["ok"] = true, ["result"] = { }, }
2020-11-17 03:01:22 | DEBUG   | response { ["ok"] = true, ["result"] = { }, }
2020-11-17 03:01:23 | DEBUG   | response { ["ok"] = true, ["result"] = { }, }
2020-11-17 03:01:27 | DEBUG   | response { ["ok"] = true, ["result"] = { }, }
2020-11-17 03:01:27 | DEBUG   | response { ["ok"] = true, ["result"] = { }, }
2020-11-17 03:01:31 | DEBUG   | response { ["ok"] = true, ["result"] = { }, }
2020-11-17 03:01:32 | DEBUG   | response { ["ok"] = true, ["result"] = { }, }
2020-11-17 03:01:35 | DEBUG   | response { ["ok"] = true, ["result"] = { }, }
2020-11-17 03:01:36 | DEBUG   | response { ["ok"] = true, ["result"] = { }, }
2020-11-17 03:01:40 | DEBUG   | response { ["ok"] = true, ["result"] = { }, }
2020-11-17 03:01:40 | DEBUG   | response { ["ok"] = true, ["result"] = { }, }
2020-11-17 03:01:44 | DEBUG   | response { ["ok"] = true, ["result"] = { }, }
2020-11-17 03:01:45 | DEBUG   | response { ["ok"] = true, ["result"] = { }, }
2020-11-17 03:01:49 | DEBUG   | response { ["ok"] = true, ["result"] = { }, }
2020-11-17 03:01:49 | DEBUG   | response { ["ok"] = true, ["result"] = { }, }
2020-11-17 03:01:50 | DEBUG   | response { ["ok"] = true, ["result"] = { [1] = { ["update_id"] = 596196718.0, ["message"] = { ["entities"] = { [1] = { ["offset"] = 0.0, ["type"] = "bot_command", ["length"] = 5.0, }, }, ["date"] = 1605553310.0, ["text"] = "/exec bot.sendMessage(\"SJoshua\", tostring(bot.sendMessage))", ["message_id"] = 380.0, ["from"] = { ["first_name"] = "Joshua", ["language_code"] = "en", ["is_bot"] = false, ["username"] = "SJoshua", ["last_name"] = "Astray", ["id"] = 213124418.0, }, ["chat"] = { ["first_name"] = "Joshua", ["username"] = "SJoshua", ["type"] = "private", ["last_name"] = "Astray", ["id"] = 213124418.0, }, }, }, }, }
2020-11-17 03:01:50 | DEBUG   | call sendMessage with { [1] = "SJoshua", [2] = "[method] sendMessage\n[description] Use this method to send text messages. On success, the sent Message is returned.\n[parameters] chat_id, text, parse_mode, entities, disable_web_page_preview, disable_notification, reply_to_message_id, allow_sending_without_reply, reply_markup", }
2020-11-17 03:01:51 | DEBUG   | response { ["ok"] = false, ["description"] = "Bad Request: chat not found", ["error_code"] = 400.0, }
2020-11-17 03:01:51 | DEBUG   | call sendMessage with { [1] = 213124418, [2] = "[status] true\n[END]", }
2020-11-17 03:01:52 | DEBUG   | response { ["ok"] = true, ["result"] = { ["date"] = 1605553312.0, ["text"] = "[status] true\n[END]", ["message_id"] = 381.0, ["from"] = { ["is_bot"] = true, ["username"] = "Project_Small_Robot", ["first_name"] = "Project Small R", ["id"] = 453335102.0, }, ["chat"] = { ["first_name"] = "Joshua", ["username"] = "SJoshua", ["type"] = "private", ["last_name"] = "Astray", ["id"] = 213124418.0, }, }, }
2020-11-17 03:01:52 | DEBUG   | response { ["ok"] = true, ["result"] = { }, }
2020-11-17 03:01:56 | DEBUG   | response { ["ok"] = true, ["result"] = { }, }
2020-11-17 03:01:57 | DEBUG   | response { ["ok"] = true, ["result"] = { }, }
2020-11-17 03:02:01 | DEBUG   | response { ["ok"] = true, ["result"] = { }, }
2020-11-17 03:02:01 | DEBUG   | response { ["ok"] = true, ["result"] = { }, }
2020-11-17 03:02:05 | DEBUG   | response { ["ok"] = true, ["result"] = { }, }
2020-11-17 03:02:06 | DEBUG   | response { ["ok"] = true, ["result"] = { }, }
2020-11-17 03:02:09 | DEBUG   | response { ["ok"] = true, ["result"] = { }, }
2020-11-17 03:02:10 | DEBUG   | response { ["ok"] = true, ["result"] = { }, }
2020-11-17 03:02:14 | DEBUG   | response { ["ok"] = true, ["result"] = { }, }
2020-11-17 03:02:15 | DEBUG   | response { ["ok"] = true, ["result"] = { }, }
2020-11-17 03:02:18 | DEBUG   | response { ["ok"] = true, ["result"] = { }, }
2020-11-17 03:02:19 | DEBUG   | response { ["ok"] = true, ["result"] = { }, }
2020-11-17 03:02:23 | DEBUG   | response { ["ok"] = true, ["result"] = { }, }
2020-11-17 03:02:23 | DEBUG   | response { ["ok"] = true, ["result"] = { }, }
2020-11-17 03:02:27 | DEBUG   | response { ["ok"] = true, ["result"] = { }, }
2020-11-17 03:02:28 | DEBUG   | response { ["ok"] = true, ["result"] = { }, }
2020-11-17 03:02:31 | DEBUG   | response { ["ok"] = true, ["result"] = { }, }
2020-11-17 03:02:32 | DEBUG   | response { ["ok"] = true, ["result"] = { }, }
2020-11-17 03:02:36 | DEBUG   | response { ["ok"] = true, ["result"] = { }, }
2020-11-17 03:02:37 | DEBUG   | response { ["ok"] = true, ["result"] = { }, }
2020-11-17 03:02:40 | DEBUG   | response { ["ok"] = true, ["result"] = { }, }
2020-11-17 03:02:41 | DEBUG   | response { ["ok"] = true, ["result"] = { }, }
2020-11-17 03:02:45 | DEBUG   | response { ["ok"] = true, ["result"] = { }, }
2020-11-17 03:02:45 | DEBUG   | response { ["ok"] = true, ["result"] = { }, }
2020-11-17 03:02:48 | DEBUG   | response { ["ok"] = true, ["result"] = { [1] = { ["update_id"] = 596196719.0, ["message"] = { ["entities"] = { [1] = { ["offset"] = 0.0, ["type"] = "bot_command", ["length"] = 7.0, }, }, ["date"] = 1605553368.0, ["text"] = "/unpack", ["message_id"] = 382.0, ["from"] = { ["first_name"] = "Joshua", ["language_code"] = "en", ["is_bot"] = false, ["username"] = "SJoshua", ["last_name"] = "Astray", ["id"] = 213124418.0, }, ["chat"] = { ["first_name"] = "Joshua", ["username"] = "SJoshua", ["type"] = "private", ["last_name"] = "Astray", ["id"] = 213124418.0, }, }, }, }, }
2020-11-17 03:02:48 | DEBUG   | call sendMessage with { [1] = 213124418, [2] = "```\n{\n [\"entities\"] = {\n [1] = {\n [\"offset\"] = 0.0,\n [\"type\"] = \"bot_command\",\n [\"length\"] = 7.0,\n },\n },\n [\"date\"] = 1605553368.0,\n [\"text\"] = \"/unpack\",\n [\"message_id\"] = 382.0,\n [\"from\"] = {\n [\"first_name\"] = \"Joshua\",\n [\"language_code\"] = \"en\",\n [\"is_bot\"] = false,\n [\"username\"] = \"SJoshua\",\n [\"last_name\"] = \"Astray\",\n [\"id\"] = 213124418,\n },\n [\"chat\"] = {\n [\"first_name\"] = \"Joshua\",\n [\"username\"] = \"SJoshua\",\n [\"type\"] = \"private\",\n [\"last_name\"] = \"Astray\",\n [\"id\"] = 213124418,\n },\n}\n```", [3] = "Markdown", }
2020-11-17 03:02:49 | DEBUG   | response { ["ok"] = true, ["result"] = { ["entities"] = { [1] = { ["offset"] = 0.0, ["type"] = "pre", ["length"] = 509.0, }, }, ["date"] = 1605553369.0, ["text"] = "{\n [\"entities\"] = {\n [1] = {\n [\"offset\"] = 0.0,\n [\"type\"] = \"bot_command\",\n [\"length\"] = 7.0,\n },\n },\n [\"date\"] = 1605553368.0,\n [\"text\"] = \"/unpack\",\n [\"message_id\"] = 382.0,\n [\"from\"] = {\n [\"first_name\"] = \"Joshua\",\n [\"language_code\"] = \"en\",\n [\"is_bot\"] = false,\n [\"username\"] = \"SJoshua\",\n [\"last_name\"] = \"Astray\",\n [\"id\"] = 213124418,\n },\n [\"chat\"] = {\n [\"first_name\"] = \"Joshua\",\n [\"username\"] = \"SJoshua\",\n [\"type\"] = \"private\",\n [\"last_name\"] = \"Astray\",\n [\"id\"] = 213124418,\n },\n}", ["message_id"] = 383.0, ["from"] = { ["is_bot"] = true, ["username"] = "Project_Small_Robot", ["first_name"] = "Project Small R", ["id"] = 453335102.0, }, ["chat"] = { ["first_name"] = "Joshua", ["username"] = "SJoshua", ["type"] = "private", ["last_name"] = "Astray", ["id"] = 213124418.0, }, }, }
2020-11-17 03:02:50 | DEBUG   | response { ["ok"] = true, ["result"] = { }, }
2020-11-17 03:02:54 | DEBUG   | response { ["ok"] = true, ["result"] = { }, }
2020-11-17 03:02:54 | DEBUG   | response { ["ok"] = true, ["result"] = { }, }
2020-11-17 03:02:58 | DEBUG   | response { ["ok"] = true, ["result"] = { }, }
2020-11-17 03:02:59 | DEBUG   | response { ["ok"] = true, ["result"] = { }, }
2020-11-17 03:03:02 | DEBUG   | response { ["ok"] = true, ["result"] = { }, }
2020-11-17 03:03:03 | DEBUG   | response { ["ok"] = true, ["result"] = { }, }
2020-11-17 03:03:07 | DEBUG   | response { ["ok"] = true, ["result"] = { }, }
2020-11-17 03:03:08 | DEBUG   | response { ["ok"] = true, ["result"] = { }, }
2020-11-17 03:03:11 | DEBUG   | response { ["ok"] = true, ["result"] = { }, }
2020-11-17 03:03:12 | DEBUG   | response { ["ok"] = true, ["result"] = { }, }
2020-11-17 03:03:16 | DEBUG   | response { ["ok"] = true, ["result"] = { }, }
2020-11-17 03:03:16 | DEBUG   | response { ["ok"] = true, ["result"] = { }, }
2020-11-17 03:03:20 | DEBUG   | response { ["ok"] = true, ["result"] = { }, }
2020-11-17 03:03:21 | DEBUG   | response { ["ok"] = true, ["result"] = { }, }
2020-11-17 03:03:25 | DEBUG   | response { ["ok"] = true, ["result"] = { }, }
2020-11-17 03:03:25 | DEBUG   | response { ["ok"] = true, ["result"] = { }, }
2020-11-17 03:03:29 | DEBUG   | response { ["ok"] = true, ["result"] = { }, }
2020-11-17 03:03:30 | DEBUG   | response { ["ok"] = true, ["result"] = { }, }
2020-11-17 03:03:33 | DEBUG   | response { ["ok"] = true, ["result"] = { }, }
2020-11-17 03:03:34 | DEBUG   | response { ["ok"] = true, ["result"] = { }, }
2020-11-17 03:03:38 | DEBUG   | response { ["ok"] = true, ["result"] = { }, }
2020-11-17 03:03:39 | DEBUG   | response { ["ok"] = true, ["result"] = { }, }
2020-11-17 03:03:42 | DEBUG   | response { ["ok"] = true, ["result"] = { }, }
2020-11-17 03:03:43 | DEBUG   | response { ["ok"] = true, ["result"] = { }, }
2020-11-17 03:03:47 | DEBUG   | response { ["ok"] = true, ["result"] = { }, }
2020-11-17 03:03:47 | DEBUG   | response { ["ok"] = true, ["result"] = { }, }
2020-11-17 03:03:51 | DEBUG   | response { ["ok"] = true, ["result"] = { }, }
2020-11-17 03:03:52 | DEBUG   | response { ["ok"] = true, ["result"] = { }, }
2020-11-17 03:03:56 | DEBUG   | response { ["ok"] = true, ["result"] = { }, }
2020-11-17 03:03:56 | DEBUG   | response { ["ok"] = true, ["result"] = { }, }
2020-11-17 03:04:00 | DEBUG   | response { ["ok"] = true, ["result"] = { }, }
2020-11-17 03:04:01 | DEBUG   | response { ["ok"] = true, ["result"] = { }, }
2020-11-17 03:04:04 | DEBUG   | response { ["ok"] = true, ["result"] = { }, }
2020-11-17 03:04:05 | DEBUG   | response { ["ok"] = true, ["result"] = { }, }
2020-11-17 03:04:09 | DEBUG   | response { ["ok"] = true, ["result"] = { }, }
2020-11-17 03:04:10 | DEBUG   | response { ["ok"] = true, ["result"] = { }, }
2020-11-17 03:04:13 | DEBUG   | response { ["ok"] = true, ["result"] = { }, }
2020-11-17 03:04:14 | DEBUG   | response { ["ok"] = true, ["result"] = { }, }
2020-11-17 03:04:18 | DEBUG   | response { ["ok"] = true, ["result"] = { }, }
2020-11-17 03:04:18 | DEBUG   | response { ["ok"] = true, ["result"] = { }, }
2020-11-17 03:04:22 | DEBUG   | response { ["ok"] = true, ["result"] = { }, }
2020-11-17 03:04:23 | DEBUG   | response { ["ok"] = true, ["result"] = { }, }
2020-11-17 03:04:27 | DEBUG   | response { ["ok"] = true, ["result"] = { }, }
2020-11-17 03:04:27 | DEBUG   | response { ["ok"] = true, ["result"] = { }, }
2020-11-17 03:04:31 | DEBUG   | response { ["ok"] = true, ["result"] = { }, }
2020-11-17 03:04:32 | DEBUG   | response { ["ok"] = true, ["result"] = { }, }
2020-11-17 03:04:35 | DEBUG   | response { ["ok"] = true, ["result"] = { }, }
2020-11-17 03:04:36 | DEBUG   | response { ["ok"] = true, ["result"] = { }, }
2020-11-17 03:04:40 | DEBUG   | response { ["ok"] = true, ["result"] = { }, }
2020-11-17 03:04:41 | DEBUG   | response { ["ok"] = true, ["result"] = { }, }
2020-11-17 03:04:44 | DEBUG   | response { ["ok"] = true, ["result"] = { }, }
2020-11-17 03:04:45 | DEBUG   | response { ["ok"] = true, ["result"] = { }, }
2020-11-17 03:04:49 | DEBUG   | response { ["ok"] = true, ["result"] = { }, }
2020-11-17 03:04:49 | DEBUG   | response { ["ok"] = true, ["result"] = { }, }
